<?xml version="1.0" encoding="UTF-8"?><testsuite errors="1" failures="0" name="utest" skipped="0" tests="1" time="54.34" timestamp="2021-10-06 09:44:53"><testcase name="search for automation on the utest page"><error message="Expected enabled element was not enabled" type="net.thucydides.core.webdriver.exceptions.ElementShouldBeEnabledException">Expected enabled element was not enabled</error><system-err>Expected enabled element was not enabled&#13;
co.com.choucair.certification.utest.tasks.StepFourth.performAs(StepFourth.java:23)&#13;
co.com.choucair.certification.utest.stepdefinitions.UtestStepDefinitions.HeCompletesEachStepOfTheUserRegistration(UtestStepDefinitions.java:30)&#13;
cucumber.runner.Runner.runPickle(Runner.java:80)&#13;
</system-err></testcase></testsuite>