<?xml version="1.0" encoding="UTF-8"?><testsuite errors="1" failures="0" name="utest" skipped="0" tests="1" time="48.32" timestamp="2021-10-07 11:54:18"><testcase name="search for automation on the utest page"><error message="element click intercepted: Element &lt;span class=&quot;checkmark signup-consent__checkbox&quot; ng-class=&quot;{error: userForm.termOfUse.$error.required}&quot; style=&quot;&quot;&gt;&lt;/span&gt; is not clickable at point (768, 596). Other element would receive the click: &lt;iframe title=&quot;Desafío de reCAPTCHA&quot; src=&quot;https://www.google.com/recaptcha/api2/bframe?hl=es-419&amp;amp;v=qljbK_DTcvY1PzbR7IG69z1r&amp;amp;k=6Lc3i14UAAAAAHVkSmSnecXg9DpfrJ1gYeuOzaCw&quot; name=&quot;c-xqa2xtw5ujsj&quot; frameborder=&quot;0&quot; scrolling=&quot;no&quot; sandbox=&quot;allow-forms allow-popups allow-same-origin allow-scripts allow-top-navigation allow-modals allow-popups-to-escape-sandbox&quot; style=&quot;width: 400px; height: 580px;&quot;&gt;&lt;/iframe&gt;&#10;  (Session info: chrome=94.0.4606.71)&#10;Build info: version: '3.141.59', revision: 'e82be7d358', time: '2018-11-14T08:17:03'&#10;System info: host: 'EQUIPOCARVAJAL', ip: '192.168.0.3', os.name: 'Windows 10', os.arch: 'amd64', os.version: '10.0', java.version: '1.8.0_131'&#10;Driver info: org.openqa.selenium.chrome.ChromeDriver&#10;Capabilities {acceptInsecureCerts: false, browserName: chrome, browserVersion: 94.0.4606.71, chrome: {chromedriverVersion: 94.0.4606.41 (333e85df3c9b6..., userDataDir: C:\Users\Felipe\AppData\Loc...}, goog:chromeOptions: {debuggerAddress: localhost:58717}, javascriptEnabled: true, networkConnectionEnabled: false, pageLoadStrategy: normal, platform: WINDOWS, platformName: WINDOWS, proxy: Proxy(), setWindowRect: true, strictFileInteractability: false, timeouts: {implicit: 0, pageLoad: 300000, script: 30000}, unhandledPromptBehavior: dismiss and notify, webauthn:extension:credBlob: true, webauthn:extension:largeBlob: true, webauthn:virtualAuthenticators: true}&#10;Session ID: 7fb78b597bf613b0bb1e69396664a7b9" type="org.openqa.selenium.ElementClickInterceptedException">element click intercepted: Element &lt;span class="checkmark signup-consent__checkbox" ng-class="{error: userForm.termOfUse.$error.required}" style=""&gt;&lt;/span&gt; is not clickable at point (768, 596). Other element would receive the click: &lt;iframe title="Desafío de reCAPTCHA" src="https://www.google.com/recaptcha/api2/bframe?hl=es-419&amp;amp;v=qljbK_DTcvY1PzbR7IG69z1r&amp;amp;k=6Lc3i14UAAAAAHVkSmSnecXg9DpfrJ1gYeuOzaCw" name="c-xqa2xtw5ujsj" frameborder="0" scrolling="no" sandbox="allow-forms allow-popups allow-same-origin allow-scripts allow-top-navigation allow-modals allow-popups-to-escape-sandbox" style="width: 400px; height: 580px;"&gt;&lt;/iframe&gt;
  (Session info: chrome=94.0.4606.71)
Build info: version: '3.141.59', revision: 'e82be7d358', time: '2018-11-14T08:17:03'
System info: host: 'EQUIPOCARVAJAL', ip: '192.168.0.3', os.name: 'Windows 10', os.arch: 'amd64', os.version: '10.0', java.version: '1.8.0_131'
Driver info: org.openqa.selenium.chrome.ChromeDriver
Capabilities {acceptInsecureCerts: false, browserName: chrome, browserVersion: 94.0.4606.71, chrome: {chromedriverVersion: 94.0.4606.41 (333e85df3c9b6..., userDataDir: C:\Users\Felipe\AppData\Loc...}, goog:chromeOptions: {debuggerAddress: localhost:58717}, javascriptEnabled: true, networkConnectionEnabled: false, pageLoadStrategy: normal, platform: WINDOWS, platformName: WINDOWS, proxy: Proxy(), setWindowRect: true, strictFileInteractability: false, timeouts: {implicit: 0, pageLoad: 300000, script: 30000}, unhandledPromptBehavior: dismiss and notify, webauthn:extension:credBlob: true, webauthn:extension:largeBlob: true, webauthn:virtualAuthenticators: true}
Session ID: 7fb78b597bf613b0bb1e69396664a7b9</error><system-err>element click intercepted: Element &lt;span class="checkmark signup-consent__checkbox" ng-class="{error: userForm.termOfUse.$error.required}" style=""&gt;&lt;/span&gt; is not clickable at point (768, 596). Other element would receive the click: &lt;iframe title="Desafío de reCAPTCHA" src="https://www.google.com/recaptcha/api2/bframe?hl=es-419&amp;amp;v=qljbK_DTcvY1PzbR7IG69z1r&amp;amp;k=6Lc3i14UAAAAAHVkSmSnecXg9DpfrJ1gYeuOzaCw" name="c-xqa2xtw5ujsj" frameborder="0" scrolling="no" sandbox="allow-forms allow-popups allow-same-origin allow-scripts allow-top-navigation allow-modals allow-popups-to-escape-sandbox" style="width: 400px; height: 580px;"&gt;&lt;/iframe&gt;
  (Session info: chrome=94.0.4606.71)
Build info: version: '3.141.59', revision: 'e82be7d358', time: '2018-11-14T08:17:03'
System info: host: 'EQUIPOCARVAJAL', ip: '192.168.0.3', os.name: 'Windows 10', os.arch: 'amd64', os.version: '10.0', java.version: '1.8.0_131'
Driver info: org.openqa.selenium.chrome.ChromeDriver
Capabilities {acceptInsecureCerts: false, browserName: chrome, browserVersion: 94.0.4606.71, chrome: {chromedriverVersion: 94.0.4606.41 (333e85df3c9b6..., userDataDir: C:\Users\Felipe\AppData\Loc...}, goog:chromeOptions: {debuggerAddress: localhost:58717}, javascriptEnabled: true, networkConnectionEnabled: false, pageLoadStrategy: normal, platform: WINDOWS, platformName: WINDOWS, proxy: Proxy(), setWindowRect: true, strictFileInteractability: false, timeouts: {implicit: 0, pageLoad: 300000, script: 30000}, unhandledPromptBehavior: dismiss and notify, webauthn:extension:credBlob: true, webauthn:extension:largeBlob: true, webauthn:virtualAuthenticators: true}
Session ID: 7fb78b597bf613b0bb1e69396664a7b9&#13;
co.com.choucair.certification.utest.tasks.StepFourth.performAs(StepFourth.java:30)&#13;
co.com.choucair.certification.utest.stepdefinitions.UtestStepDefinitions.HeCompletesEachStepOfTheUserRegistration(UtestStepDefinitions.java:33)&#13;
cucumber.runner.Runner.runPickle(Runner.java:80)&#13;
</system-err></testcase></testsuite>